Finished Iteration = 8 | ii =  8 | HYDP = 90  | p.hyb = 0.25  | N. Adult Clipped =  0  | N. Metam Clipped =  0  | 
N =  0 
Iteration Time 0.05 min 
~~~~~~~~~~~~~~~~~~~~~~~~~~~~~~~~~~~~~~~~~~~~~~~~~~~~~~~~~~~~~~~~~~~~~~~~~~~~~~~~~~~~~~~~~~~~~~~~~~~~~~~~~~~~~~~~~~~~~ 
Finished Iteration = 2 | ii =  2 | HYDP = 90  | p.hyb = 0.25  | N. Adult Clipped =  0  | N. Metam Clipped =  0  | 
N =  56 
Iteration Time 0.05 min 
~~~~~~~~~~~~~~~~~~~~~~~~~~~~~~~~~~~~~~~~~~~~~~~~~~~~~~~~~~~~~~~~~~~~~~~~~~~~~~~~~~~~~~~~~~~~~~~~~~~~~~~~~~~~~~~~~~~~~ 
Finished Iteration = 3 | ii =  3 | HYDP = 90  | p.hyb = 0.25  | N. Adult Clipped =  0  | N. Metam Clipped =  0  | 
N =  130 
Iteration Time 0.08 min 
~~~~~~~~~~~~~~~~~~~~~~~~~~~~~~~~~~~~~~~~~~~~~~~~~~~~~~~~~~~~~~~~~~~~~~~~~~~~~~~~~~~~~~~~~~~~~~~~~~~~~~~~~~~~~~~~~~~~~ 
Finished Iteration = 10 | ii =  10 | HYDP = 90  | p.hyb = 0.25  | N. Adult Clipped =  0  | N. Metam Clipped =  0  | 
N =  0 
Iteration Time 0.03 min 
~~~~~~~~~~~~~~~~~~~~~~~~~~~~~~~~~~~~~~~~~~~~~~~~~~~~~~~~~~~~~~~~~~~~~~~~~~~~~~~~~~~~~~~~~~~~~~~~~~~~~~~~~~~~~~~~~~~~~ 
Finished Iteration = 9 | ii =  9 | HYDP = 90  | p.hyb = 0.25  | N. Adult Clipped =  0  | N. Metam Clipped =  0  | 
N =  52 
Iteration Time 0.04 min 
~~~~~~~~~~~~~~~~~~~~~~~~~~~~~~~~~~~~~~~~~~~~~~~~~~~~~~~~~~~~~~~~~~~~~~~~~~~~~~~~~~~~~~~~~~~~~~~~~~~~~~~~~~~~~~~~~~~~~ 
Finished Iteration = 7 | ii =  7 | HYDP = 90  | p.hyb = 0.25  | N. Adult Clipped =  0  | N. Metam Clipped =  0  | 
N =  185 
Iteration Time 0.1 min 
~~~~~~~~~~~~~~~~~~~~~~~~~~~~~~~~~~~~~~~~~~~~~~~~~~~~~~~~~~~~~~~~~~~~~~~~~~~~~~~~~~~~~~~~~~~~~~~~~~~~~~~~~~~~~~~~~~~~~ 
Finished Iteration = 4 | ii =  4 | HYDP = 90  | p.hyb = 0.25  | N. Adult Clipped =  0  | N. Metam Clipped =  0  | 
N =  259 
Iteration Time 0.12 min 
~~~~~~~~~~~~~~~~~~~~~~~~~~~~~~~~~~~~~~~~~~~~~~~~~~~~~~~~~~~~~~~~~~~~~~~~~~~~~~~~~~~~~~~~~~~~~~~~~~~~~~~~~~~~~~~~~~~~~ 
Finished Iteration = 5 | ii =  5 | HYDP = 90  | p.hyb = 0.25  | N. Adult Clipped =  0  | N. Metam Clipped =  0  | 
N =  421 
Iteration Time 0.16 min 
~~~~~~~~~~~~~~~~~~~~~~~~~~~~~~~~~~~~~~~~~~~~~~~~~~~~~~~~~~~~~~~~~~~~~~~~~~~~~~~~~~~~~~~~~~~~~~~~~~~~~~~~~~~~~~~~~~~~~ 
Finished Iteration = 6 | ii =  6 | HYDP = 90  | p.hyb = 0.25  | N. Adult Clipped =  0  | N. Metam Clipped =  0  | 
N =  376 
Iteration Time 0.16 min 
~~~~~~~~~~~~~~~~~~~~~~~~~~~~~~~~~~~~~~~~~~~~~~~~~~~~~~~~~~~~~~~~~~~~~~~~~~~~~~~~~~~~~~~~~~~~~~~~~~~~~~~~~~~~~~~~~~~~~ 
Finished Iteration = 1 | ii =  1 | HYDP = 90  | p.hyb = 0.25  | N. Adult Clipped =  0  | N. Metam Clipped =  0  | 
N =  320 
Iteration Time 0.17 min 
~~~~~~~~~~~~~~~~~~~~~~~~~~~~~~~~~~~~~~~~~~~~~~~~~~~~~~~~~~~~~~~~~~~~~~~~~~~~~~~~~~~~~~~~~~~~~~~~~~~~~~~~~~~~~~~~~~~~~ 
Finished Iteration = 2 | ii =  12 | HYDP = 100  | p.hyb = 0.25  | N. Adult Clipped =  0  | N. Metam Clipped =  0  | 
N =  168 
Iteration Time 0.1 min 
~~~~~~~~~~~~~~~~~~~~~~~~~~~~~~~~~~~~~~~~~~~~~~~~~~~~~~~~~~~~~~~~~~~~~~~~~~~~~~~~~~~~~~~~~~~~~~~~~~~~~~~~~~~~~~~~~~~~~ 
Finished Iteration = 3 | ii =  13 | HYDP = 100  | p.hyb = 0.25  | N. Adult Clipped =  0  | N. Metam Clipped =  0  | 
N =  272 
Iteration Time 0.13 min 
~~~~~~~~~~~~~~~~~~~~~~~~~~~~~~~~~~~~~~~~~~~~~~~~~~~~~~~~~~~~~~~~~~~~~~~~~~~~~~~~~~~~~~~~~~~~~~~~~~~~~~~~~~~~~~~~~~~~~ 
Finished Iteration = 10 | ii =  20 | HYDP = 100  | p.hyb = 0.25  | N. Adult Clipped =  0  | N. Metam Clipped =  0  | 
N =  0 
Iteration Time 0.03 min 
~~~~~~~~~~~~~~~~~~~~~~~~~~~~~~~~~~~~~~~~~~~~~~~~~~~~~~~~~~~~~~~~~~~~~~~~~~~~~~~~~~~~~~~~~~~~~~~~~~~~~~~~~~~~~~~~~~~~~ 
Finished Iteration = 9 | ii =  19 | HYDP = 100  | p.hyb = 0.25  | N. Adult Clipped =  0  | N. Metam Clipped =  0  | 
N =  179 
Iteration Time 0.1 min 
~~~~~~~~~~~~~~~~~~~~~~~~~~~~~~~~~~~~~~~~~~~~~~~~~~~~~~~~~~~~~~~~~~~~~~~~~~~~~~~~~~~~~~~~~~~~~~~~~~~~~~~~~~~~~~~~~~~~~ 
Finished Iteration = 7 | ii =  17 | HYDP = 100  | p.hyb = 0.25  | N. Adult Clipped =  0  | N. Metam Clipped =  0  | 
N =  387 
Iteration Time 0.15 min 
~~~~~~~~~~~~~~~~~~~~~~~~~~~~~~~~~~~~~~~~~~~~~~~~~~~~~~~~~~~~~~~~~~~~~~~~~~~~~~~~~~~~~~~~~~~~~~~~~~~~~~~~~~~~~~~~~~~~~ 
Finished Iteration = 4 | ii =  14 | HYDP = 100  | p.hyb = 0.25  | N. Adult Clipped =  0  | N. Metam Clipped =  0  | 
N =  581 
Iteration Time 0.25 min 
~~~~~~~~~~~~~~~~~~~~~~~~~~~~~~~~~~~~~~~~~~~~~~~~~~~~~~~~~~~~~~~~~~~~~~~~~~~~~~~~~~~~~~~~~~~~~~~~~~~~~~~~~~~~~~~~~~~~~ 
Finished Iteration = 5 | ii =  15 | HYDP = 100  | p.hyb = 0.25  | N. Adult Clipped =  0  | N. Metam Clipped =  0  | 
N =  618 
Iteration Time 0.23 min 
~~~~~~~~~~~~~~~~~~~~~~~~~~~~~~~~~~~~~~~~~~~~~~~~~~~~~~~~~~~~~~~~~~~~~~~~~~~~~~~~~~~~~~~~~~~~~~~~~~~~~~~~~~~~~~~~~~~~~ 
Finished Iteration = 1 | ii =  11 | HYDP = 100  | p.hyb = 0.25  | N. Adult Clipped =  0  | N. Metam Clipped =  0  | 
N =  645 
Iteration Time 0.29 min 
~~~~~~~~~~~~~~~~~~~~~~~~~~~~~~~~~~~~~~~~~~~~~~~~~~~~~~~~~~~~~~~~~~~~~~~~~~~~~~~~~~~~~~~~~~~~~~~~~~~~~~~~~~~~~~~~~~~~~ 
Finished Iteration = 8 | ii =  18 | HYDP = 100  | p.hyb = 0.25  | N. Adult Clipped =  0  | N. Metam Clipped =  0  | 
N =  540 
Iteration Time 0.22 min 
~~~~~~~~~~~~~~~~~~~~~~~~~~~~~~~~~~~~~~~~~~~~~~~~~~~~~~~~~~~~~~~~~~~~~~~~~~~~~~~~~~~~~~~~~~~~~~~~~~~~~~~~~~~~~~~~~~~~~ 
Finished Iteration = 6 | ii =  16 | HYDP = 100  | p.hyb = 0.25  | N. Adult Clipped =  0  | N. Metam Clipped =  0  | 
N =  837 
Iteration Time 0.31 min 
~~~~~~~~~~~~~~~~~~~~~~~~~~~~~~~~~~~~~~~~~~~~~~~~~~~~~~~~~~~~~~~~~~~~~~~~~~~~~~~~~~~~~~~~~~~~~~~~~~~~~~~~~~~~~~~~~~~~~ 
Finished Iteration = 2 | ii =  22 | HYDP = 110  | p.hyb = 0.25  | N. Adult Clipped =  0  | N. Metam Clipped =  0  | 
N =  434 
Iteration Time 0.2 min 
~~~~~~~~~~~~~~~~~~~~~~~~~~~~~~~~~~~~~~~~~~~~~~~~~~~~~~~~~~~~~~~~~~~~~~~~~~~~~~~~~~~~~~~~~~~~~~~~~~~~~~~~~~~~~~~~~~~~~ 
Finished Iteration = 3 | ii =  23 | HYDP = 110  | p.hyb = 0.25  | N. Adult Clipped =  0  | N. Metam Clipped =  0  | 
N =  519 
Iteration Time 0.23 min 
~~~~~~~~~~~~~~~~~~~~~~~~~~~~~~~~~~~~~~~~~~~~~~~~~~~~~~~~~~~~~~~~~~~~~~~~~~~~~~~~~~~~~~~~~~~~~~~~~~~~~~~~~~~~~~~~~~~~~ 
Finished Iteration = 7 | ii =  27 | HYDP = 110  | p.hyb = 0.25  | N. Adult Clipped =  0  | N. Metam Clipped =  0  | 
N =  651 
Iteration Time 0.26 min 
~~~~~~~~~~~~~~~~~~~~~~~~~~~~~~~~~~~~~~~~~~~~~~~~~~~~~~~~~~~~~~~~~~~~~~~~~~~~~~~~~~~~~~~~~~~~~~~~~~~~~~~~~~~~~~~~~~~~~ 
Finished Iteration = 10 | ii =  30 | HYDP = 110  | p.hyb = 0.25  | N. Adult Clipped =  0  | N. Metam Clipped =  0  | 
N =  280 
Iteration Time 0.13 min 
~~~~~~~~~~~~~~~~~~~~~~~~~~~~~~~~~~~~~~~~~~~~~~~~~~~~~~~~~~~~~~~~~~~~~~~~~~~~~~~~~~~~~~~~~~~~~~~~~~~~~~~~~~~~~~~~~~~~~ 
Finished Iteration = 1 | ii =  21 | HYDP = 110  | p.hyb = 0.25  | N. Adult Clipped =  0  | N. Metam Clipped =  0  | 
N =  1091 
Iteration Time 0.46 min 
~~~~~~~~~~~~~~~~~~~~~~~~~~~~~~~~~~~~~~~~~~~~~~~~~~~~~~~~~~~~~~~~~~~~~~~~~~~~~~~~~~~~~~~~~~~~~~~~~~~~~~~~~~~~~~~~~~~~~ 
Finished Iteration = 2 | ii =  32 | HYDP = 90  | p.hyb = 0.5  | N. Adult Clipped =  0  | N. Metam Clipped =  0  | 
N =  82 
Iteration Time 0.06 min 
~~~~~~~~~~~~~~~~~~~~~~~~~~~~~~~~~~~~~~~~~~~~~~~~~~~~~~~~~~~~~~~~~~~~~~~~~~~~~~~~~~~~~~~~~~~~~~~~~~~~~~~~~~~~~~~~~~~~~ 
Finished Iteration = 5 | ii =  25 | HYDP = 110  | p.hyb = 0.25  | N. Adult Clipped =  0  | N. Metam Clipped =  0  | 
N =  975 
Iteration Time 0.38 min 
~~~~~~~~~~~~~~~~~~~~~~~~~~~~~~~~~~~~~~~~~~~~~~~~~~~~~~~~~~~~~~~~~~~~~~~~~~~~~~~~~~~~~~~~~~~~~~~~~~~~~~~~~~~~~~~~~~~~~ 
Finished Iteration = 9 | ii =  29 | HYDP = 110  | p.hyb = 0.25  | N. Adult Clipped =  0  | N. Metam Clipped =  0  | 
N =  590 
Iteration Time 0.28 min 
~~~~~~~~~~~~~~~~~~~~~~~~~~~~~~~~~~~~~~~~~~~~~~~~~~~~~~~~~~~~~~~~~~~~~~~~~~~~~~~~~~~~~~~~~~~~~~~~~~~~~~~~~~~~~~~~~~~~~ 
Finished Iteration = 3 | ii =  33 | HYDP = 90  | p.hyb = 0.5  | N. Adult Clipped =  0  | N. Metam Clipped =  0  | 
N =  150 
Iteration Time 0.08 min 
~~~~~~~~~~~~~~~~~~~~~~~~~~~~~~~~~~~~~~~~~~~~~~~~~~~~~~~~~~~~~~~~~~~~~~~~~~~~~~~~~~~~~~~~~~~~~~~~~~~~~~~~~~~~~~~~~~~~~ 
Finished Iteration = 1 | ii =  31 | HYDP = 90  | p.hyb = 0.5  | N. Adult Clipped =  0  | N. Metam Clipped =  0  | 
N =  421 
Iteration Time 0.19 min 
~~~~~~~~~~~~~~~~~~~~~~~~~~~~~~~~~~~~~~~~~~~~~~~~~~~~~~~~~~~~~~~~~~~~~~~~~~~~~~~~~~~~~~~~~~~~~~~~~~~~~~~~~~~~~~~~~~~~~ 
Finished Iteration = 4 | ii =  34 | HYDP = 90  | p.hyb = 0.5  | N. Adult Clipped =  0  | N. Metam Clipped =  0  | 
N =  269 
Iteration Time 0.13 min 
~~~~~~~~~~~~~~~~~~~~~~~~~~~~~~~~~~~~~~~~~~~~~~~~~~~~~~~~~~~~~~~~~~~~~~~~~~~~~~~~~~~~~~~~~~~~~~~~~~~~~~~~~~~~~~~~~~~~~ 
Finished Iteration = 4 | ii =  24 | HYDP = 110  | p.hyb = 0.25  | N. Adult Clipped =  0  | N. Metam Clipped =  0  | 
N =  1247 
Iteration Time 0.53 min 
~~~~~~~~~~~~~~~~~~~~~~~~~~~~~~~~~~~~~~~~~~~~~~~~~~~~~~~~~~~~~~~~~~~~~~~~~~~~~~~~~~~~~~~~~~~~~~~~~~~~~~~~~~~~~~~~~~~~~ 
Finished Iteration = 5 | ii =  35 | HYDP = 90  | p.hyb = 0.5  | N. Adult Clipped =  0  | N. Metam Clipped =  0  | 
N =  404 
Iteration Time 0.17 min 
~~~~~~~~~~~~~~~~~~~~~~~~~~~~~~~~~~~~~~~~~~~~~~~~~~~~~~~~~~~~~~~~~~~~~~~~~~~~~~~~~~~~~~~~~~~~~~~~~~~~~~~~~~~~~~~~~~~~~ 
Finished Iteration = 7 | ii =  37 | HYDP = 90  | p.hyb = 0.5  | N. Adult Clipped =  0  | N. Metam Clipped =  0  | 
N =  238 
Iteration Time 0.11 min 
~~~~~~~~~~~~~~~~~~~~~~~~~~~~~~~~~~~~~~~~~~~~~~~~~~~~~~~~~~~~~~~~~~~~~~~~~~~~~~~~~~~~~~~~~~~~~~~~~~~~~~~~~~~~~~~~~~~~~ 
Finished Iteration = 10 | ii =  40 | HYDP = 90  | p.hyb = 0.5  | N. Adult Clipped =  0  | N. Metam Clipped =  0  | 
N =  0 
Iteration Time 0.03 min 
~~~~~~~~~~~~~~~~~~~~~~~~~~~~~~~~~~~~~~~~~~~~~~~~~~~~~~~~~~~~~~~~~~~~~~~~~~~~~~~~~~~~~~~~~~~~~~~~~~~~~~~~~~~~~~~~~~~~~ 
Finished Iteration = 9 | ii =  39 | HYDP = 90  | p.hyb = 0.5  | N. Adult Clipped =  0  | N. Metam Clipped =  0  | 
N =  76 
Iteration Time 0.04 min 
~~~~~~~~~~~~~~~~~~~~~~~~~~~~~~~~~~~~~~~~~~~~~~~~~~~~~~~~~~~~~~~~~~~~~~~~~~~~~~~~~~~~~~~~~~~~~~~~~~~~~~~~~~~~~~~~~~~~~ 
Finished Iteration = 8 | ii =  38 | HYDP = 90  | p.hyb = 0.5  | N. Adult Clipped =  0  | N. Metam Clipped =  0  | 
N =  103 
Iteration Time 0.07 min 
~~~~~~~~~~~~~~~~~~~~~~~~~~~~~~~~~~~~~~~~~~~~~~~~~~~~~~~~~~~~~~~~~~~~~~~~~~~~~~~~~~~~~~~~~~~~~~~~~~~~~~~~~~~~~~~~~~~~~ 
Finished Iteration = 6 | ii =  36 | HYDP = 90  | p.hyb = 0.5  | N. Adult Clipped =  0  | N. Metam Clipped =  0  | 
N =  443 
Iteration Time 0.18 min 
~~~~~~~~~~~~~~~~~~~~~~~~~~~~~~~~~~~~~~~~~~~~~~~~~~~~~~~~~~~~~~~~~~~~~~~~~~~~~~~~~~~~~~~~~~~~~~~~~~~~~~~~~~~~~~~~~~~~~ 
Finished Iteration = 6 | ii =  26 | HYDP = 110  | p.hyb = 0.25  | N. Adult Clipped =  0  | N. Metam Clipped =  0  | 
N =  1556 
Iteration Time 0.62 min 
~~~~~~~~~~~~~~~~~~~~~~~~~~~~~~~~~~~~~~~~~~~~~~~~~~~~~~~~~~~~~~~~~~~~~~~~~~~~~~~~~~~~~~~~~~~~~~~~~~~~~~~~~~~~~~~~~~~~~ 
Finished Iteration = 2 | ii =  42 | HYDP = 100  | p.hyb = 0.5  | N. Adult Clipped =  0  | N. Metam Clipped =  0  | 
N =  254 
Iteration Time 0.11 min 
~~~~~~~~~~~~~~~~~~~~~~~~~~~~~~~~~~~~~~~~~~~~~~~~~~~~~~~~~~~~~~~~~~~~~~~~~~~~~~~~~~~~~~~~~~~~~~~~~~~~~~~~~~~~~~~~~~~~~ 
Finished Iteration = 3 | ii =  43 | HYDP = 100  | p.hyb = 0.5  | N. Adult Clipped =  0  | N. Metam Clipped =  0  | 
N =  300 
Iteration Time 0.14 min 
~~~~~~~~~~~~~~~~~~~~~~~~~~~~~~~~~~~~~~~~~~~~~~~~~~~~~~~~~~~~~~~~~~~~~~~~~~~~~~~~~~~~~~~~~~~~~~~~~~~~~~~~~~~~~~~~~~~~~ 
Finished Iteration = 7 | ii =  47 | HYDP = 100  | p.hyb = 0.5  | N. Adult Clipped =  0  | N. Metam Clipped =  0  | 
N =  431 
Iteration Time 0.18 min 
~~~~~~~~~~~~~~~~~~~~~~~~~~~~~~~~~~~~~~~~~~~~~~~~~~~~~~~~~~~~~~~~~~~~~~~~~~~~~~~~~~~~~~~~~~~~~~~~~~~~~~~~~~~~~~~~~~~~~ 
Finished Iteration = 9 | ii =  49 | HYDP = 100  | p.hyb = 0.5  | N. Adult Clipped =  0  | N. Metam Clipped =  0  | 
N =  271 
Iteration Time 0.12 min 
~~~~~~~~~~~~~~~~~~~~~~~~~~~~~~~~~~~~~~~~~~~~~~~~~~~~~~~~~~~~~~~~~~~~~~~~~~~~~~~~~~~~~~~~~~~~~~~~~~~~~~~~~~~~~~~~~~~~~ 
Finished Iteration = 4 | ii =  44 | HYDP = 100  | p.hyb = 0.5  | N. Adult Clipped =  0  | N. Metam Clipped =  0  | 
N =  613 
Iteration Time 0.27 min 
~~~~~~~~~~~~~~~~~~~~~~~~~~~~~~~~~~~~~~~~~~~~~~~~~~~~~~~~~~~~~~~~~~~~~~~~~~~~~~~~~~~~~~~~~~~~~~~~~~~~~~~~~~~~~~~~~~~~~ 
Finished Iteration = 5 | ii =  45 | HYDP = 100  | p.hyb = 0.5  | N. Adult Clipped =  0  | N. Metam Clipped =  0  | 
N =  669 
Iteration Time 0.26 min 
~~~~~~~~~~~~~~~~~~~~~~~~~~~~~~~~~~~~~~~~~~~~~~~~~~~~~~~~~~~~~~~~~~~~~~~~~~~~~~~~~~~~~~~~~~~~~~~~~~~~~~~~~~~~~~~~~~~~~ 
Finished Iteration = 1 | ii =  41 | HYDP = 100  | p.hyb = 0.5  | N. Adult Clipped =  0  | N. Metam Clipped =  0  | 
N =  767 
Iteration Time 0.32 min 
~~~~~~~~~~~~~~~~~~~~~~~~~~~~~~~~~~~~~~~~~~~~~~~~~~~~~~~~~~~~~~~~~~~~~~~~~~~~~~~~~~~~~~~~~~~~~~~~~~~~~~~~~~~~~~~~~~~~~ 
Finished Iteration = 10 | ii =  50 | HYDP = 100  | p.hyb = 0.5  | N. Adult Clipped =  0  | N. Metam Clipped =  0  | 
N =  141 
Iteration Time 0.09 min 
~~~~~~~~~~~~~~~~~~~~~~~~~~~~~~~~~~~~~~~~~~~~~~~~~~~~~~~~~~~~~~~~~~~~~~~~~~~~~~~~~~~~~~~~~~~~~~~~~~~~~~~~~~~~~~~~~~~~~ 
Finished Iteration = 6 | ii =  46 | HYDP = 100  | p.hyb = 0.5  | N. Adult Clipped =  0  | N. Metam Clipped =  0  | 
N =  992 
Iteration Time 0.38 min 
~~~~~~~~~~~~~~~~~~~~~~~~~~~~~~~~~~~~~~~~~~~~~~~~~~~~~~~~~~~~~~~~~~~~~~~~~~~~~~~~~~~~~~~~~~~~~~~~~~~~~~~~~~~~~~~~~~~~~ 
Finished Iteration = 8 | ii =  48 | HYDP = 100  | p.hyb = 0.5  | N. Adult Clipped =  0  | N. Metam Clipped =  0  | 
N =  1214 
Iteration Time 0.41 min 
~~~~~~~~~~~~~~~~~~~~~~~~~~~~~~~~~~~~~~~~~~~~~~~~~~~~~~~~~~~~~~~~~~~~~~~~~~~~~~~~~~~~~~~~~~~~~~~~~~~~~~~~~~~~~~~~~~~~~ 
Finished Iteration = 2 | ii =  52 | HYDP = 110  | p.hyb = 0.5  | N. Adult Clipped =  0  | N. Metam Clipped =  0  | 
N =  537 
Iteration Time 0.25 min 
~~~~~~~~~~~~~~~~~~~~~~~~~~~~~~~~~~~~~~~~~~~~~~~~~~~~~~~~~~~~~~~~~~~~~~~~~~~~~~~~~~~~~~~~~~~~~~~~~~~~~~~~~~~~~~~~~~~~~ 
Finished Iteration = 3 | ii =  53 | HYDP = 110  | p.hyb = 0.5  | N. Adult Clipped =  0  | N. Metam Clipped =  0  | 
N =  569 
Iteration Time 0.26 min 
~~~~~~~~~~~~~~~~~~~~~~~~~~~~~~~~~~~~~~~~~~~~~~~~~~~~~~~~~~~~~~~~~~~~~~~~~~~~~~~~~~~~~~~~~~~~~~~~~~~~~~~~~~~~~~~~~~~~~ 
Finished Iteration = 5 | ii =  55 | HYDP = 110  | p.hyb = 0.5  | N. Adult Clipped =  0  | N. Metam Clipped =  0  | 
N =  1123 
Iteration Time 0.46 min 
~~~~~~~~~~~~~~~~~~~~~~~~~~~~~~~~~~~~~~~~~~~~~~~~~~~~~~~~~~~~~~~~~~~~~~~~~~~~~~~~~~~~~~~~~~~~~~~~~~~~~~~~~~~~~~~~~~~~~ 
Finished Iteration = 1 | ii =  51 | HYDP = 110  | p.hyb = 0.5  | N. Adult Clipped =  0  | N. Metam Clipped =  0  | 
N =  1302 
Iteration Time 0.59 min 
~~~~~~~~~~~~~~~~~~~~~~~~~~~~~~~~~~~~~~~~~~~~~~~~~~~~~~~~~~~~~~~~~~~~~~~~~~~~~~~~~~~~~~~~~~~~~~~~~~~~~~~~~~~~~~~~~~~~~ 
Finished Iteration = 7 | ii =  57 | HYDP = 110  | p.hyb = 0.5  | N. Adult Clipped =  0  | N. Metam Clipped =  0  | 
N =  784 
Iteration Time 0.33 min 
~~~~~~~~~~~~~~~~~~~~~~~~~~~~~~~~~~~~~~~~~~~~~~~~~~~~~~~~~~~~~~~~~~~~~~~~~~~~~~~~~~~~~~~~~~~~~~~~~~~~~~~~~~~~~~~~~~~~~ 
Finished Iteration = 9 | ii =  59 | HYDP = 110  | p.hyb = 0.5  | N. Adult Clipped =  0  | N. Metam Clipped =  0  | 
N =  685 
Iteration Time 0.34 min 
~~~~~~~~~~~~~~~~~~~~~~~~~~~~~~~~~~~~~~~~~~~~~~~~~~~~~~~~~~~~~~~~~~~~~~~~~~~~~~~~~~~~~~~~~~~~~~~~~~~~~~~~~~~~~~~~~~~~~ 
Finished Iteration = 2 | ii =  62 | HYDP = 90  | p.hyb = 0.75  | N. Adult Clipped =  0  | N. Metam Clipped =  0  | 
N =  130 
Iteration Time 0.06 min 
~~~~~~~~~~~~~~~~~~~~~~~~~~~~~~~~~~~~~~~~~~~~~~~~~~~~~~~~~~~~~~~~~~~~~~~~~~~~~~~~~~~~~~~~~~~~~~~~~~~~~~~~~~~~~~~~~~~~~ 
Finished Iteration = 4 | ii =  54 | HYDP = 110  | p.hyb = 0.5  | N. Adult Clipped =  0  | N. Metam Clipped =  0  | 
N =  1386 
Iteration Time 0.62 min 
~~~~~~~~~~~~~~~~~~~~~~~~~~~~~~~~~~~~~~~~~~~~~~~~~~~~~~~~~~~~~~~~~~~~~~~~~~~~~~~~~~~~~~~~~~~~~~~~~~~~~~~~~~~~~~~~~~~~~ 
Finished Iteration = 3 | ii =  63 | HYDP = 90  | p.hyb = 0.75  | N. Adult Clipped =  0  | N. Metam Clipped =  0  | 
N =  148 
Iteration Time 0.08 min 
~~~~~~~~~~~~~~~~~~~~~~~~~~~~~~~~~~~~~~~~~~~~~~~~~~~~~~~~~~~~~~~~~~~~~~~~~~~~~~~~~~~~~~~~~~~~~~~~~~~~~~~~~~~~~~~~~~~~~ 
Finished Iteration = 10 | ii =  60 | HYDP = 110  | p.hyb = 0.5  | N. Adult Clipped =  0  | N. Metam Clipped =  0  | 
N =  481 
Iteration Time 0.23 min 
~~~~~~~~~~~~~~~~~~~~~~~~~~~~~~~~~~~~~~~~~~~~~~~~~~~~~~~~~~~~~~~~~~~~~~~~~~~~~~~~~~~~~~~~~~~~~~~~~~~~~~~~~~~~~~~~~~~~~ 
Finished Iteration = 1 | ii =  61 | HYDP = 90  | p.hyb = 0.75  | N. Adult Clipped =  0  | N. Metam Clipped =  0  | 
N =  441 
Iteration Time 0.19 min 
~~~~~~~~~~~~~~~~~~~~~~~~~~~~~~~~~~~~~~~~~~~~~~~~~~~~~~~~~~~~~~~~~~~~~~~~~~~~~~~~~~~~~~~~~~~~~~~~~~~~~~~~~~~~~~~~~~~~~ 
Finished Iteration = 4 | ii =  64 | HYDP = 90  | p.hyb = 0.75  | N. Adult Clipped =  0  | N. Metam Clipped =  0  | 
N =  260 
Iteration Time 0.12 min 
~~~~~~~~~~~~~~~~~~~~~~~~~~~~~~~~~~~~~~~~~~~~~~~~~~~~~~~~~~~~~~~~~~~~~~~~~~~~~~~~~~~~~~~~~~~~~~~~~~~~~~~~~~~~~~~~~~~~~ 
Finished Iteration = 9 | ii =  69 | HYDP = 90  | p.hyb = 0.75  | N. Adult Clipped =  0  | N. Metam Clipped =  0  | 
N =  84 
Iteration Time 0.04 min 
~~~~~~~~~~~~~~~~~~~~~~~~~~~~~~~~~~~~~~~~~~~~~~~~~~~~~~~~~~~~~~~~~~~~~~~~~~~~~~~~~~~~~~~~~~~~~~~~~~~~~~~~~~~~~~~~~~~~~ 
Finished Iteration = 5 | ii =  65 | HYDP = 90  | p.hyb = 0.75  | N. Adult Clipped =  0  | N. Metam Clipped =  0  | 
N =  459 
Iteration Time 0.17 min 
~~~~~~~~~~~~~~~~~~~~~~~~~~~~~~~~~~~~~~~~~~~~~~~~~~~~~~~~~~~~~~~~~~~~~~~~~~~~~~~~~~~~~~~~~~~~~~~~~~~~~~~~~~~~~~~~~~~~~ 
Finished Iteration = 8 | ii =  68 | HYDP = 90  | p.hyb = 0.75  | N. Adult Clipped =  0  | N. Metam Clipped =  0  | 
N =  36 
Iteration Time 0.07 min 
~~~~~~~~~~~~~~~~~~~~~~~~~~~~~~~~~~~~~~~~~~~~~~~~~~~~~~~~~~~~~~~~~~~~~~~~~~~~~~~~~~~~~~~~~~~~~~~~~~~~~~~~~~~~~~~~~~~~~ 
Finished Iteration = 10 | ii =  70 | HYDP = 90  | p.hyb = 0.75  | N. Adult Clipped =  0  | N. Metam Clipped =  0  | 
N =  0 
Iteration Time 0.03 min 
~~~~~~~~~~~~~~~~~~~~~~~~~~~~~~~~~~~~~~~~~~~~~~~~~~~~~~~~~~~~~~~~~~~~~~~~~~~~~~~~~~~~~~~~~~~~~~~~~~~~~~~~~~~~~~~~~~~~~ 
Finished Iteration = 7 | ii =  67 | HYDP = 90  | p.hyb = 0.75  | N. Adult Clipped =  0  | N. Metam Clipped =  0  | 
N =  252 
Iteration Time 0.11 min 
~~~~~~~~~~~~~~~~~~~~~~~~~~~~~~~~~~~~~~~~~~~~~~~~~~~~~~~~~~~~~~~~~~~~~~~~~~~~~~~~~~~~~~~~~~~~~~~~~~~~~~~~~~~~~~~~~~~~~ 
Finished Iteration = 6 | ii =  66 | HYDP = 90  | p.hyb = 0.75  | N. Adult Clipped =  0  | N. Metam Clipped =  0  | 
N =  517 
Iteration Time 0.19 min 
~~~~~~~~~~~~~~~~~~~~~~~~~~~~~~~~~~~~~~~~~~~~~~~~~~~~~~~~~~~~~~~~~~~~~~~~~~~~~~~~~~~~~~~~~~~~~~~~~~~~~~~~~~~~~~~~~~~~~ 
Finished Iteration = 6 | ii =  56 | HYDP = 110  | p.hyb = 0.5  | N. Adult Clipped =  0  | N. Metam Clipped =  0  | 
N =  1747 
Iteration Time 0.75 min 
~~~~~~~~~~~~~~~~~~~~~~~~~~~~~~~~~~~~~~~~~~~~~~~~~~~~~~~~~~~~~~~~~~~~~~~~~~~~~~~~~~~~~~~~~~~~~~~~~~~~~~~~~~~~~~~~~~~~~ 
Finished Iteration = 2 | ii =  72 | HYDP = 100  | p.hyb = 0.75  | N. Adult Clipped =  0  | N. Metam Clipped =  0  | 
N =  261 
Iteration Time 0.13 min 
~~~~~~~~~~~~~~~~~~~~~~~~~~~~~~~~~~~~~~~~~~~~~~~~~~~~~~~~~~~~~~~~~~~~~~~~~~~~~~~~~~~~~~~~~~~~~~~~~~~~~~~~~~~~~~~~~~~~~ 
Finished Iteration = 8 | ii =  28 | HYDP = 110  | p.hyb = 0.25  | N. Adult Clipped =  0  | N. Metam Clipped =  0  | 
N =  5121 
Iteration Time 1.7 min 
~~~~~~~~~~~~~~~~~~~~~~~~~~~~~~~~~~~~~~~~~~~~~~~~~~~~~~~~~~~~~~~~~~~~~~~~~~~~~~~~~~~~~~~~~~~~~~~~~~~~~~~~~~~~~~~~~~~~~ 
Finished Iteration = 3 | ii =  73 | HYDP = 100  | p.hyb = 0.75  | N. Adult Clipped =  0  | N. Metam Clipped =  0  | 
N =  339 
Iteration Time 0.15 min 
~~~~~~~~~~~~~~~~~~~~~~~~~~~~~~~~~~~~~~~~~~~~~~~~~~~~~~~~~~~~~~~~~~~~~~~~~~~~~~~~~~~~~~~~~~~~~~~~~~~~~~~~~~~~~~~~~~~~~ 
Finished Iteration = 9 | ii =  79 | HYDP = 100  | p.hyb = 0.75  | N. Adult Clipped =  0  | N. Metam Clipped =  0  | 
N =  281 
Iteration Time 0.12 min 
~~~~~~~~~~~~~~~~~~~~~~~~~~~~~~~~~~~~~~~~~~~~~~~~~~~~~~~~~~~~~~~~~~~~~~~~~~~~~~~~~~~~~~~~~~~~~~~~~~~~~~~~~~~~~~~~~~~~~ 
Finished Iteration = 4 | ii =  74 | HYDP = 100  | p.hyb = 0.75  | N. Adult Clipped =  0  | N. Metam Clipped =  0  | 
N =  664 
Iteration Time 0.27 min 
~~~~~~~~~~~~~~~~~~~~~~~~~~~~~~~~~~~~~~~~~~~~~~~~~~~~~~~~~~~~~~~~~~~~~~~~~~~~~~~~~~~~~~~~~~~~~~~~~~~~~~~~~~~~~~~~~~~~~ 
Finished Iteration = 5 | ii =  75 | HYDP = 100  | p.hyb = 0.75  | N. Adult Clipped =  0  | N. Metam Clipped =  0  | 
N =  745 
Iteration Time 0.27 min 
~~~~~~~~~~~~~~~~~~~~~~~~~~~~~~~~~~~~~~~~~~~~~~~~~~~~~~~~~~~~~~~~~~~~~~~~~~~~~~~~~~~~~~~~~~~~~~~~~~~~~~~~~~~~~~~~~~~~~ 
Finished Iteration = 7 | ii =  77 | HYDP = 100  | p.hyb = 0.75  | N. Adult Clipped =  0  | N. Metam Clipped =  0  | 
N =  489 
Iteration Time 0.19 min 
~~~~~~~~~~~~~~~~~~~~~~~~~~~~~~~~~~~~~~~~~~~~~~~~~~~~~~~~~~~~~~~~~~~~~~~~~~~~~~~~~~~~~~~~~~~~~~~~~~~~~~~~~~~~~~~~~~~~~ 
Finished Iteration = 1 | ii =  71 | HYDP = 100  | p.hyb = 0.75  | N. Adult Clipped =  0  | N. Metam Clipped =  0  | 
N =  853 
Iteration Time 0.33 min 
~~~~~~~~~~~~~~~~~~~~~~~~~~~~~~~~~~~~~~~~~~~~~~~~~~~~~~~~~~~~~~~~~~~~~~~~~~~~~~~~~~~~~~~~~~~~~~~~~~~~~~~~~~~~~~~~~~~~~ 
Finished Iteration = 10 | ii =  80 | HYDP = 100  | p.hyb = 0.75  | N. Adult Clipped =  0  | N. Metam Clipped =  0  | 
N =  112 
Iteration Time 0.09 min 
~~~~~~~~~~~~~~~~~~~~~~~~~~~~~~~~~~~~~~~~~~~~~~~~~~~~~~~~~~~~~~~~~~~~~~~~~~~~~~~~~~~~~~~~~~~~~~~~~~~~~~~~~~~~~~~~~~~~~ 
Finished Iteration = 6 | ii =  76 | HYDP = 100  | p.hyb = 0.75  | N. Adult Clipped =  0  | N. Metam Clipped =  0  | 
N =  1098 
Iteration Time 0.41 min 
~~~~~~~~~~~~~~~~~~~~~~~~~~~~~~~~~~~~~~~~~~~~~~~~~~~~~~~~~~~~~~~~~~~~~~~~~~~~~~~~~~~~~~~~~~~~~~~~~~~~~~~~~~~~~~~~~~~~~ 
Finished Iteration = 2 | ii =  82 | HYDP = 110  | p.hyb = 0.75  | N. Adult Clipped =  0  | N. Metam Clipped =  0  | 
N =  584 
Iteration Time 0.26 min 
~~~~~~~~~~~~~~~~~~~~~~~~~~~~~~~~~~~~~~~~~~~~~~~~~~~~~~~~~~~~~~~~~~~~~~~~~~~~~~~~~~~~~~~~~~~~~~~~~~~~~~~~~~~~~~~~~~~~~ 
Finished Iteration = 3 | ii =  83 | HYDP = 110  | p.hyb = 0.75  | N. Adult Clipped =  0  | N. Metam Clipped =  0  | 
N =  688 
Iteration Time 0.28 min 
~~~~~~~~~~~~~~~~~~~~~~~~~~~~~~~~~~~~~~~~~~~~~~~~~~~~~~~~~~~~~~~~~~~~~~~~~~~~~~~~~~~~~~~~~~~~~~~~~~~~~~~~~~~~~~~~~~~~~ 
Finished Iteration = 8 | ii =  78 | HYDP = 100  | p.hyb = 0.75  | N. Adult Clipped =  0  | N. Metam Clipped =  0  | 
N =  1528 
Iteration Time 0.47 min 
~~~~~~~~~~~~~~~~~~~~~~~~~~~~~~~~~~~~~~~~~~~~~~~~~~~~~~~~~~~~~~~~~~~~~~~~~~~~~~~~~~~~~~~~~~~~~~~~~~~~~~~~~~~~~~~~~~~~~ 
Finished Iteration = 5 | ii =  85 | HYDP = 110  | p.hyb = 0.75  | N. Adult Clipped =  0  | N. Metam Clipped =  0  | 
N =  1228 
Iteration Time 0.44 min 
~~~~~~~~~~~~~~~~~~~~~~~~~~~~~~~~~~~~~~~~~~~~~~~~~~~~~~~~~~~~~~~~~~~~~~~~~~~~~~~~~~~~~~~~~~~~~~~~~~~~~~~~~~~~~~~~~~~~~ 
Finished Iteration = 1 | ii =  81 | HYDP = 110  | p.hyb = 0.75  | N. Adult Clipped =  0  | N. Metam Clipped =  0  | 
N =  1360 
Iteration Time 0.59 min 
~~~~~~~~~~~~~~~~~~~~~~~~~~~~~~~~~~~~~~~~~~~~~~~~~~~~~~~~~~~~~~~~~~~~~~~~~~~~~~~~~~~~~~~~~~~~~~~~~~~~~~~~~~~~~~~~~~~~~ 
Finished Iteration = 4 | ii =  84 | HYDP = 110  | p.hyb = 0.75  | N. Adult Clipped =  0  | N. Metam Clipped =  0  | 
N =  1418 
Iteration Time 0.6 min 
~~~~~~~~~~~~~~~~~~~~~~~~~~~~~~~~~~~~~~~~~~~~~~~~~~~~~~~~~~~~~~~~~~~~~~~~~~~~~~~~~~~~~~~~~~~~~~~~~~~~~~~~~~~~~~~~~~~~~ 
Finished Iteration = 7 | ii =  87 | HYDP = 110  | p.hyb = 0.75  | N. Adult Clipped =  0  | N. Metam Clipped =  0  | 
N =  864 
Iteration Time 0.34 min 
~~~~~~~~~~~~~~~~~~~~~~~~~~~~~~~~~~~~~~~~~~~~~~~~~~~~~~~~~~~~~~~~~~~~~~~~~~~~~~~~~~~~~~~~~~~~~~~~~~~~~~~~~~~~~~~~~~~~~ 
Finished Iteration = 9 | ii =  89 | HYDP = 110  | p.hyb = 0.75  | N. Adult Clipped =  0  | N. Metam Clipped =  0  | 
N =  916 
Iteration Time 0.37 min 
~~~~~~~~~~~~~~~~~~~~~~~~~~~~~~~~~~~~~~~~~~~~~~~~~~~~~~~~~~~~~~~~~~~~~~~~~~~~~~~~~~~~~~~~~~~~~~~~~~~~~~~~~~~~~~~~~~~~~ 
Finished Iteration = 10 | ii =  90 | HYDP = 110  | p.hyb = 0.75  | N. Adult Clipped =  0  | N. Metam Clipped =  0  | 
N =  495 
Iteration Time 0.25 min 
~~~~~~~~~~~~~~~~~~~~~~~~~~~~~~~~~~~~~~~~~~~~~~~~~~~~~~~~~~~~~~~~~~~~~~~~~~~~~~~~~~~~~~~~~~~~~~~~~~~~~~~~~~~~~~~~~~~~~ 
Finished Iteration = 6 | ii =  86 | HYDP = 110  | p.hyb = 0.75  | N. Adult Clipped =  0  | N. Metam Clipped =  0  | 
N =  1923 
Iteration Time 0.77 min 
~~~~~~~~~~~~~~~~~~~~~~~~~~~~~~~~~~~~~~~~~~~~~~~~~~~~~~~~~~~~~~~~~~~~~~~~~~~~~~~~~~~~~~~~~~~~~~~~~~~~~~~~~~~~~~~~~~~~~ 
Finished Iteration = 8 | ii =  58 | HYDP = 110  | p.hyb = 0.5  | N. Adult Clipped =  0  | N. Metam Clipped =  0  | 
N =  8474 
Iteration Time 2.62 min 
~~~~~~~~~~~~~~~~~~~~~~~~~~~~~~~~~~~~~~~~~~~~~~~~~~~~~~~~~~~~~~~~~~~~~~~~~~~~~~~~~~~~~~~~~~~~~~~~~~~~~~~~~~~~~~~~~~~~~ 
Finished Iteration = 8 | ii =  88 | HYDP = 110  | p.hyb = 0.75  | N. Adult Clipped =  0  | N. Metam Clipped =  0  | 
N =  12704 
Iteration Time 3.59 min 
~~~~~~~~~~~~~~~~~~~~~~~~~~~~~~~~~~~~~~~~~~~~~~~~~~~~~~~~~~~~~~~~~~~~~~~~~~~~~~~~~~~~~~~~~~~~~~~~~~~~~~~~~~~~~~~~~~~~~ 
Program completed in 6.22 min 
